  [1m[35m (0.5ms)[0m  [1m[34mSELECT sqlite_version(*)[0m
  [1m[35m (1.8ms)[0m  [1m[35mCREATE TABLE "schema_migrations" ("version" varchar NOT NULL PRIMARY KEY)[0m
  [1m[35m (1.2ms)[0m  [1m[35mCREATE TABLE "ar_internal_metadata" ("key" varchar NOT NULL PRIMARY KEY, "value" varchar, "created_at" datetime NOT NULL, "updated_at" datetime NOT NULL)[0m
  [1m[35m (0.1ms)[0m  [1m[34mSELECT "schema_migrations"."version" FROM "schema_migrations" ORDER BY "schema_migrations"."version" ASC[0m
Migrating to CreateUsers (20180325101544)
  [1m[35m (0.0ms)[0m  [1m[36mbegin transaction[0m
  [1m[35m (0.2ms)[0m  [1m[35mCREATE TABLE "users" ("id" INTEGER PRIMARY KEY AUTOINCREMENT NOT NULL, "name" varchar, "email" varchar, "created_at" datetime NOT NULL, "updated_at" datetime NOT NULL)[0m
  [1m[35mSQL (0.1ms)[0m  [1m[32mINSERT INTO "schema_migrations" ("version") VALUES (?)[0m  [["version", "20180325101544"]]
  [1m[35m (1.0ms)[0m  [1m[36mcommit transaction[0m
  [1m[36mActiveRecord::InternalMetadata Load (0.1ms)[0m  [1m[34mSELECT  "ar_internal_metadata".* FROM "ar_internal_metadata" WHERE "ar_internal_metadata"."key" = ? LIMIT ?[0m  [["key", "environment"], ["LIMIT", 1]]
  [1m[35m (0.0ms)[0m  [1m[36mbegin transaction[0m
  [1m[35mSQL (0.2ms)[0m  [1m[32mINSERT INTO "ar_internal_metadata" ("key", "value", "created_at", "updated_at") VALUES (?, ?, ?, ?)[0m  [["key", "environment"], ["value", "development"], ["created_at", "2018-03-25 10:16:12.026731"], ["updated_at", "2018-03-25 10:16:12.026731"]]
  [1m[35m (0.5ms)[0m  [1m[36mcommit transaction[0m
  [1m[35m (0.1ms)[0m  [1m[34mSELECT "schema_migrations"."version" FROM "schema_migrations" ORDER BY "schema_migrations"."version" ASC[0m
Started GET "/" for 127.0.0.1 at 2018-03-25 19:21:19 +0900
  [1m[35m (1.3ms)[0m  [1m[34mSELECT "schema_migrations"."version" FROM "schema_migrations" ORDER BY "schema_migrations"."version" ASC[0m
Processing by ApplicationController#hello as HTML
  Rendering html template
  Rendered html template (0.1ms)
Completed 200 OK in 47ms (Views: 21.7ms | ActiveRecord: 0.0ms)


Started GET "/" for 127.0.0.1 at 2018-03-25 19:21:48 +0900
Started GET "/" for 127.0.0.1 at 2018-03-25 19:21:58 +0900
  
SyntaxError (/Users/h-inazumi/develope/ruby-apps/toy_app/app/controllers/application_controller.rb:7: unterminated string meets end of file
/Users/h-inazumi/develope/ruby-apps/toy_app/app/controllers/application_controller.rb:7: syntax error, unexpected end-of-input, expecting keyword_end):
  
app/controllers/application_controller.rb:7: unterminated string meets end of file
app/controllers/application_controller.rb:7: syntax error, unexpected end-of-input, expecting keyword_end
  
SyntaxError (/Users/h-inazumi/develope/ruby-apps/toy_app/app/controllers/application_controller.rb:7: unterminated string meets end of file
/Users/h-inazumi/develope/ruby-apps/toy_app/app/controllers/application_controller.rb:7: syntax error, unexpected end-of-input, expecting keyword_end):
  
app/controllers/application_controller.rb:7: unterminated string meets end of file
app/controllers/application_controller.rb:7: syntax error, unexpected end-of-input, expecting keyword_end
Started GET "/" for 127.0.0.1 at 2018-03-25 19:22:13 +0900
Processing by ApplicationController#hello as HTML
  Rendering html template
  Rendered html template (0.0ms)
Completed 200 OK in 1ms (Views: 0.3ms)


Started GET "/user/" for 127.0.0.1 at 2018-03-25 19:23:05 +0900
  
ActionController::RoutingError (No route matches [GET] "/user"):
  
actionpack (5.1.5) lib/action_dispatch/middleware/debug_exceptions.rb:63:in `call'
web-console (3.5.1) lib/web_console/middleware.rb:135:in `call_app'
web-console (3.5.1) lib/web_console/middleware.rb:28:in `block in call'
web-console (3.5.1) lib/web_console/middleware.rb:18:in `catch'
web-console (3.5.1) lib/web_console/middleware.rb:18:in `call'
actionpack (5.1.5) lib/action_dispatch/middleware/show_exceptions.rb:31:in `call'
railties (5.1.5) lib/rails/rack/logger.rb:36:in `call_app'
railties (5.1.5) lib/rails/rack/logger.rb:24:in `block in call'
activesupport (5.1.5) lib/active_support/tagged_logging.rb:69:in `block in tagged'
activesupport (5.1.5) lib/active_support/tagged_logging.rb:26:in `tagged'
activesupport (5.1.5) lib/active_support/tagged_logging.rb:69:in `tagged'
railties (5.1.5) lib/rails/rack/logger.rb:24:in `call'
sprockets-rails (3.2.1) lib/sprockets/rails/quiet_assets.rb:13:in `call'
actionpack (5.1.5) lib/action_dispatch/middleware/remote_ip.rb:79:in `call'
actionpack (5.1.5) lib/action_dispatch/middleware/request_id.rb:25:in `call'
rack (2.0.4) lib/rack/method_override.rb:22:in `call'
rack (2.0.4) lib/rack/runtime.rb:22:in `call'
activesupport (5.1.5) lib/active_support/cache/strategy/local_cache_middleware.rb:27:in `call'
actionpack (5.1.5) lib/action_dispatch/middleware/executor.rb:12:in `call'
actionpack (5.1.5) lib/action_dispatch/middleware/static.rb:125:in `call'
rack (2.0.4) lib/rack/sendfile.rb:111:in `call'
railties (5.1.5) lib/rails/engine.rb:522:in `call'
puma (3.11.3) lib/puma/configuration.rb:225:in `call'
puma (3.11.3) lib/puma/server.rb:624:in `handle_request'
puma (3.11.3) lib/puma/server.rb:438:in `process_client'
puma (3.11.3) lib/puma/server.rb:302:in `block in run'
puma (3.11.3) lib/puma/thread_pool.rb:120:in `block in spawn_thread'
Started GET "/users/" for 127.0.0.1 at 2018-03-25 19:23:18 +0900
Processing by UsersController#index as HTML
  Rendering users/index.html.erb within layouts/application
  [1m[36mUser Load (0.3ms)[0m  [1m[34mSELECT "users".* FROM "users"[0m
  Rendered users/index.html.erb within layouts/application (2.0ms)
Completed 200 OK in 531ms (Views: 520.5ms | ActiveRecord: 0.7ms)


Started GET "/users/1" for 127.0.0.1 at 2018-03-25 19:23:31 +0900
Processing by UsersController#show as HTML
  Parameters: {"id"=>"1"}
  [1m[36mUser Load (0.1ms)[0m  [1m[34mSELECT  "users".* FROM "users" WHERE "users"."id" = ? LIMIT ?[0m  [["id", 1], ["LIMIT", 1]]
Completed 404 Not Found in 24ms (ActiveRecord: 0.6ms)


  
ActiveRecord::RecordNotFound (Couldn't find User with 'id'=1):
  
app/controllers/users_controller.rb:67:in `set_user'
Started GET "/users/new" for 127.0.0.1 at 2018-03-25 19:23:48 +0900
Processing by UsersController#new as HTML
  Rendering users/new.html.erb within layouts/application
  Rendered users/_form.html.erb (57.0ms)
  Rendered users/new.html.erb within layouts/application (58.9ms)
Completed 200 OK in 78ms (Views: 69.5ms | ActiveRecord: 0.0ms)


Started POST "/users" for 127.0.0.1 at 2018-03-25 19:24:01 +0900
Processing by UsersController#create as HTML
  Parameters: {"utf8"=>"âœ“", "authenticity_token"=>"y4pRi5jTBIsqPVUEobu9USIZ6NUUPSOv7JxT4FldbEWNW+dj5x1z9WExgwMFEw2hrh2c7D1X7TjxtFZvBZZKMg==", "user"=>{"name"=>"ç¨²è§’ã€€å°šå²", "email"=>"hisasui@gmail.com"}, "commit"=>"Create User"}
  [1m[35m (0.0ms)[0m  [1m[36mbegin transaction[0m
  [1m[35mSQL (1.6ms)[0m  [1m[32mINSERT INTO "users" ("name", "email", "created_at", "updated_at") VALUES (?, ?, ?, ?)[0m  [["name", "ç¨²è§’ã€€å°šå²"], ["email", "hisasui@gmail.com"], ["created_at", "2018-03-25 10:24:01.212674"], ["updated_at", "2018-03-25 10:24:01.212674"]]
  [1m[35m (0.9ms)[0m  [1m[36mcommit transaction[0m
Redirected to http://localhost:3000/users/1
Completed 302 Found in 5ms (ActiveRecord: 2.6ms)


Started GET "/users/1" for 127.0.0.1 at 2018-03-25 19:24:01 +0900
Processing by UsersController#show as HTML
  Parameters: {"id"=>"1"}
  [1m[36mUser Load (0.1ms)[0m  [1m[34mSELECT  "users".* FROM "users" WHERE "users"."id" = ? LIMIT ?[0m  [["id", 1], ["LIMIT", 1]]
  Rendering users/show.html.erb within layouts/application
  Rendered users/show.html.erb within layouts/application (0.5ms)
Completed 200 OK in 29ms (Views: 21.4ms | ActiveRecord: 0.1ms)


Started GET "/users" for 127.0.0.1 at 2018-03-25 19:24:05 +0900
Processing by UsersController#index as HTML
  Rendering users/index.html.erb within layouts/application
  [1m[36mUser Load (0.1ms)[0m  [1m[34mSELECT "users".* FROM "users"[0m
  Rendered users/index.html.erb within layouts/application (1.2ms)
Completed 200 OK in 17ms (Views: 14.7ms | ActiveRecord: 0.1ms)


Started GET "/users/1" for 127.0.0.1 at 2018-03-25 19:24:21 +0900
Processing by UsersController#show as HTML
  Parameters: {"id"=>"1"}
  [1m[36mUser Load (0.1ms)[0m  [1m[34mSELECT  "users".* FROM "users" WHERE "users"."id" = ? LIMIT ?[0m  [["id", 1], ["LIMIT", 1]]
  Rendering users/show.html.erb within layouts/application
  Rendered users/show.html.erb within layouts/application (0.5ms)
Completed 200 OK in 13ms (Views: 11.2ms | ActiveRecord: 0.1ms)


Started GET "/users/1/edit" for 127.0.0.1 at 2018-03-25 19:24:42 +0900
Processing by UsersController#edit as HTML
  Parameters: {"id"=>"1"}
  [1m[36mUser Load (0.1ms)[0m  [1m[34mSELECT  "users".* FROM "users" WHERE "users"."id" = ? LIMIT ?[0m  [["id", 1], ["LIMIT", 1]]
  Rendering users/edit.html.erb within layouts/application
  Rendered users/_form.html.erb (1.4ms)
  Rendered users/edit.html.erb within layouts/application (3.0ms)
Completed 200 OK in 19ms (Views: 12.9ms | ActiveRecord: 0.1ms)


Started PATCH "/users/1" for 127.0.0.1 at 2018-03-25 19:24:51 +0900
Processing by UsersController#update as HTML
  Parameters: {"utf8"=>"âœ“", "authenticity_token"=>"bnMRDBS0Zhhd9mDKtk4zwoLzgJhFAvR2WKkB5RNw7kkooqfka3oRZhb6ts0S5oMyDvf0oWxoOuFFgQRqT7vIPg==", "user"=>{"name"=>"ç¨²è§’ã€€å°šå²", "email"=>"hisasui.com@gmail.com"}, "commit"=>"Update User", "id"=>"1"}
  [1m[36mUser Load (0.1ms)[0m  [1m[34mSELECT  "users".* FROM "users" WHERE "users"."id" = ? LIMIT ?[0m  [["id", 1], ["LIMIT", 1]]
  [1m[35m (0.0ms)[0m  [1m[36mbegin transaction[0m
  [1m[35mSQL (0.2ms)[0m  [1m[33mUPDATE "users" SET "email" = ?, "updated_at" = ? WHERE "users"."id" = ?[0m  [["email", "hisasui.com@gmail.com"], ["updated_at", "2018-03-25 10:24:51.304696"], ["id", 1]]
  [1m[35m (4.5ms)[0m  [1m[36mcommit transaction[0m
Redirected to http://localhost:3000/users/1
Completed 302 Found in 7ms (ActiveRecord: 4.9ms)


Started GET "/users/1" for 127.0.0.1 at 2018-03-25 19:24:51 +0900
Processing by UsersController#show as HTML
  Parameters: {"id"=>"1"}
  [1m[36mUser Load (0.1ms)[0m  [1m[34mSELECT  "users".* FROM "users" WHERE "users"."id" = ? LIMIT ?[0m  [["id", 1], ["LIMIT", 1]]
  Rendering users/show.html.erb within layouts/application
  Rendered users/show.html.erb within layouts/application (0.5ms)
Completed 200 OK in 13ms (Views: 10.6ms | ActiveRecord: 0.1ms)


Started GET "/users" for 127.0.0.1 at 2018-03-25 19:25:19 +0900
Processing by UsersController#index as HTML
  Rendering users/index.html.erb within layouts/application
  [1m[36mUser Load (0.1ms)[0m  [1m[34mSELECT "users".* FROM "users"[0m
  Rendered users/index.html.erb within layouts/application (1.0ms)
Completed 200 OK in 13ms (Views: 11.4ms | ActiveRecord: 0.1ms)


Started GET "/users/new" for 127.0.0.1 at 2018-03-25 19:25:52 +0900
Processing by UsersController#new as HTML
  Rendering users/new.html.erb within layouts/application
  Rendered users/_form.html.erb (1.2ms)
  Rendered users/new.html.erb within layouts/application (2.6ms)
Completed 200 OK in 17ms (Views: 14.8ms | ActiveRecord: 0.0ms)


Started POST "/users" for 127.0.0.1 at 2018-03-25 19:26:05 +0900
Processing by UsersController#create as HTML
  Parameters: {"utf8"=>"âœ“", "authenticity_token"=>"Uv77+/Jlk2JGHkLxuw3sO7Uck8dyh13QO303HG8U3WzLiQu4yKwyQ7V45MYiVw0ESiq0OL03VjNlfZNMAvdbog==", "user"=>{"name"=>"ç¨²è§’ã€€çœŸä¾", "email"=>"mai.ina@gmail.com"}, "commit"=>"Create User"}
  [1m[35m (0.0ms)[0m  [1m[36mbegin transaction[0m
  [1m[35mSQL (0.8ms)[0m  [1m[32mINSERT INTO "users" ("name", "email", "created_at", "updated_at") VALUES (?, ?, ?, ?)[0m  [["name", "ç¨²è§’ã€€çœŸä¾"], ["email", "mai.ina@gmail.com"], ["created_at", "2018-03-25 10:26:05.792600"], ["updated_at", "2018-03-25 10:26:05.792600"]]
  [1m[35m (4.5ms)[0m  [1m[36mcommit transaction[0m
Redirected to http://localhost:3000/users/2
Completed 302 Found in 8ms (ActiveRecord: 5.3ms)


Started GET "/users/2" for 127.0.0.1 at 2018-03-25 19:26:05 +0900
Processing by UsersController#show as HTML
  Parameters: {"id"=>"2"}
  [1m[36mUser Load (0.1ms)[0m  [1m[34mSELECT  "users".* FROM "users" WHERE "users"."id" = ? LIMIT ?[0m  [["id", 2], ["LIMIT", 1]]
  Rendering users/show.html.erb within layouts/application
  Rendered users/show.html.erb within layouts/application (0.4ms)
Completed 200 OK in 13ms (Views: 11.3ms | ActiveRecord: 0.1ms)


Started GET "/users/2" for 127.0.0.1 at 2018-03-25 19:27:47 +0900
Processing by UsersController#show as HTML
  Parameters: {"id"=>"2"}
  [1m[36mUser Load (0.1ms)[0m  [1m[34mSELECT  "users".* FROM "users" WHERE "users"."id" = ? LIMIT ?[0m  [["id", 2], ["LIMIT", 1]]
  Rendering users/show.html.erb within layouts/application
  Rendered users/show.html.erb within layouts/application (0.6ms)
Completed 200 OK in 106ms (Views: 103.8ms | ActiveRecord: 0.1ms)


Started GET "/users/2/edit" for 127.0.0.1 at 2018-03-25 19:27:56 +0900
Processing by UsersController#edit as HTML
  Parameters: {"id"=>"2"}
  [1m[36mUser Load (0.1ms)[0m  [1m[34mSELECT  "users".* FROM "users" WHERE "users"."id" = ? LIMIT ?[0m  [["id", 2], ["LIMIT", 1]]
  Rendering users/edit.html.erb within layouts/application
  Rendered users/_form.html.erb (1.5ms)
  Rendered users/edit.html.erb within layouts/application (3.6ms)
Completed 200 OK in 20ms (Views: 17.6ms | ActiveRecord: 0.1ms)


Started GET "/users" for 127.0.0.1 at 2018-03-25 19:27:58 +0900
Processing by UsersController#index as HTML
  Rendering users/index.html.erb within layouts/application
  [1m[36mUser Load (0.1ms)[0m  [1m[34mSELECT "users".* FROM "users"[0m
  Rendered users/index.html.erb within layouts/application (1.6ms)
Completed 200 OK in 28ms (Views: 21.9ms | ActiveRecord: 0.1ms)


Started GET "/users/new" for 127.0.0.1 at 2018-03-25 19:28:00 +0900
Processing by UsersController#new as HTML
  Rendering users/new.html.erb within layouts/application
  Rendered users/_form.html.erb (1.8ms)
  Rendered users/new.html.erb within layouts/application (3.6ms)
Completed 200 OK in 25ms (Views: 19.4ms | ActiveRecord: 0.0ms)


Started POST "/users" for 127.0.0.1 at 2018-03-25 19:28:06 +0900
Processing by UsersController#create as HTML
  Parameters: {"utf8"=>"âœ“", "authenticity_token"=>"7R0HyGUSep4MlGcH94UwURPcKIPco0gKVgekykzF4/l0aveLX9vbv//ywTBu39Fu7OoPfBMTQ+kIBwCaISZlNw==", "user"=>{"name"=>"", "email"=>"test@email.com"}, "commit"=>"Create User"}
  [1m[35m (0.0ms)[0m  [1m[36mbegin transaction[0m
  [1m[35mSQL (0.8ms)[0m  [1m[32mINSERT INTO "users" ("name", "email", "created_at", "updated_at") VALUES (?, ?, ?, ?)[0m  [["name", ""], ["email", "test@email.com"], ["created_at", "2018-03-25 10:28:06.948213"], ["updated_at", "2018-03-25 10:28:06.948213"]]
  [1m[35m (0.6ms)[0m  [1m[36mcommit transaction[0m
Redirected to http://localhost:3000/users/3
Completed 302 Found in 4ms (ActiveRecord: 1.5ms)


Started GET "/users/3" for 127.0.0.1 at 2018-03-25 19:28:07 +0900
Processing by UsersController#show as HTML
  Parameters: {"id"=>"3"}
  [1m[36mUser Load (0.1ms)[0m  [1m[34mSELECT  "users".* FROM "users" WHERE "users"."id" = ? LIMIT ?[0m  [["id", 3], ["LIMIT", 1]]
  Rendering users/show.html.erb within layouts/application
  Rendered users/show.html.erb within layouts/application (0.4ms)
Completed 200 OK in 13ms (Views: 10.8ms | ActiveRecord: 0.1ms)


Started GET "/" for 127.0.0.1 at 2018-03-25 19:34:19 +0900
  
ArgumentError ('users' is not a supported controller name. This can lead to potential routing problems. See http://guides.rubyonrails.org/routing.html#specifying-a-controller-to-use):
  
config/routes.rb:4:in `block in <top (required)>'
config/routes.rb:1:in `<top (required)>'
Started GET "/" for 127.0.0.1 at 2018-03-25 19:34:46 +0900
Processing by UsersController#index as HTML
  Rendering users/index.html.erb within layouts/application
  [1m[36mUser Load (0.1ms)[0m  [1m[34mSELECT "users".* FROM "users"[0m
  Rendered users/index.html.erb within layouts/application (6.3ms)
Completed 200 OK in 43ms (Views: 39.2ms | ActiveRecord: 0.7ms)


Started GET "/" for 127.0.0.1 at 2018-03-25 19:35:25 +0900
Processing by UsersController#index as HTML
  Rendering users/index.html.erb within layouts/application
  [1m[36mUser Load (0.1ms)[0m  [1m[34mSELECT "users".* FROM "users"[0m
  Rendered users/index.html.erb within layouts/application (1.4ms)
Completed 200 OK in 13ms (Views: 11.7ms | ActiveRecord: 0.1ms)


Started GET "/microposts/" for 127.0.0.1 at 2018-03-25 19:54:13 +0900
  [1m[35m (0.4ms)[0m  [1m[34mSELECT "schema_migrations"."version" FROM "schema_migrations" ORDER BY "schema_migrations"."version" ASC[0m
  
ActiveRecord::PendingMigrationError (

Migrations are pending. To resolve this issue, run:

        bin/rails db:migrate RAILS_ENV=development

):
  
activerecord (5.1.5) lib/active_record/migration.rb:576:in `check_pending!'
activerecord (5.1.5) lib/active_record/migration.rb:553:in `call'
actionpack (5.1.5) lib/action_dispatch/middleware/callbacks.rb:26:in `block in call'
activesupport (5.1.5) lib/active_support/callbacks.rb:97:in `run_callbacks'
actionpack (5.1.5) lib/action_dispatch/middleware/callbacks.rb:24:in `call'
actionpack (5.1.5) lib/action_dispatch/middleware/executor.rb:12:in `call'
actionpack (5.1.5) lib/action_dispatch/middleware/debug_exceptions.rb:59:in `call'
web-console (3.5.1) lib/web_console/middleware.rb:135:in `call_app'
web-console (3.5.1) lib/web_console/middleware.rb:28:in `block in call'
web-console (3.5.1) lib/web_console/middleware.rb:18:in `catch'
web-console (3.5.1) lib/web_console/middleware.rb:18:in `call'
actionpack (5.1.5) lib/action_dispatch/middleware/show_exceptions.rb:31:in `call'
railties (5.1.5) lib/rails/rack/logger.rb:36:in `call_app'
railties (5.1.5) lib/rails/rack/logger.rb:24:in `block in call'
activesupport (5.1.5) lib/active_support/tagged_logging.rb:69:in `block in tagged'
activesupport (5.1.5) lib/active_support/tagged_logging.rb:26:in `tagged'
activesupport (5.1.5) lib/active_support/tagged_logging.rb:69:in `tagged'
railties (5.1.5) lib/rails/rack/logger.rb:24:in `call'
sprockets-rails (3.2.1) lib/sprockets/rails/quiet_assets.rb:13:in `call'
actionpack (5.1.5) lib/action_dispatch/middleware/remote_ip.rb:79:in `call'
actionpack (5.1.5) lib/action_dispatch/middleware/request_id.rb:25:in `call'
rack (2.0.4) lib/rack/method_override.rb:22:in `call'
rack (2.0.4) lib/rack/runtime.rb:22:in `call'
activesupport (5.1.5) lib/active_support/cache/strategy/local_cache_middleware.rb:27:in `call'
actionpack (5.1.5) lib/action_dispatch/middleware/executor.rb:12:in `call'
actionpack (5.1.5) lib/action_dispatch/middleware/static.rb:125:in `call'
rack (2.0.4) lib/rack/sendfile.rb:111:in `call'
railties (5.1.5) lib/rails/engine.rb:522:in `call'
puma (3.11.3) lib/puma/configuration.rb:225:in `call'
puma (3.11.3) lib/puma/server.rb:624:in `handle_request'
puma (3.11.3) lib/puma/server.rb:438:in `process_client'
puma (3.11.3) lib/puma/server.rb:302:in `block in run'
puma (3.11.3) lib/puma/thread_pool.rb:120:in `block in spawn_thread'
  [1m[35m (1.2ms)[0m  [1m[34mSELECT "schema_migrations"."version" FROM "schema_migrations" ORDER BY "schema_migrations"."version" ASC[0m
Migrating to CreateMicroposts (20180325104117)
  [1m[35m (0.0ms)[0m  [1m[36mbegin transaction[0m
  [1m[35m (0.0ms)[0m  [1m[34mSELECT sqlite_version(*)[0m
  [1m[35m (1.0ms)[0m  [1m[35mCREATE TABLE "microposts" ("id" INTEGER PRIMARY KEY AUTOINCREMENT NOT NULL, "content" text, "user_id" integer, "created_at" datetime NOT NULL, "updated_at" datetime NOT NULL)[0m
  [1m[35mSQL (0.4ms)[0m  [1m[32mINSERT INTO "schema_migrations" ("version") VALUES (?)[0m  [["version", "20180325104117"]]
  [1m[35m (1.0ms)[0m  [1m[36mcommit transaction[0m
  [1m[36mActiveRecord::InternalMetadata Load (0.7ms)[0m  [1m[34mSELECT  "ar_internal_metadata".* FROM "ar_internal_metadata" WHERE "ar_internal_metadata"."key" = ? LIMIT ?[0m  [["key", "environment"], ["LIMIT", 1]]
  [1m[35m (0.0ms)[0m  [1m[36mbegin transaction[0m
  [1m[35m (0.0ms)[0m  [1m[36mcommit transaction[0m
  [1m[35m (0.1ms)[0m  [1m[34mSELECT "schema_migrations"."version" FROM "schema_migrations" ORDER BY "schema_migrations"."version" ASC[0m
Started GET "/microposts/" for 127.0.0.1 at 2018-03-25 19:54:42 +0900
  [1m[35m (0.1ms)[0m  [1m[34mSELECT "schema_migrations"."version" FROM "schema_migrations" ORDER BY "schema_migrations"."version" ASC[0m
Processing by MicropostsController#index as HTML
  Rendering microposts/index.html.erb within layouts/application
  [1m[36mMicropost Load (0.4ms)[0m  [1m[34mSELECT "microposts".* FROM "microposts"[0m
  Rendered microposts/index.html.erb within layouts/application (2.3ms)
Completed 200 OK in 103ms (Views: 98.4ms | ActiveRecord: 0.7ms)


Started GET "/microposts/new" for 127.0.0.1 at 2018-03-25 21:06:32 +0900
Processing by MicropostsController#new as HTML
  Rendering microposts/new.html.erb within layouts/application
  Rendered microposts/_form.html.erb (28.4ms)
  Rendered microposts/new.html.erb within layouts/application (33.5ms)
Completed 200 OK in 147ms (Views: 113.4ms | ActiveRecord: 1.0ms)


Started POST "/microposts" for 127.0.0.1 at 2018-03-25 21:06:59 +0900
Processing by MicropostsController#create as HTML
  Parameters: {"utf8"=>"âœ“", "authenticity_token"=>"azPR3mStu1PilV3emMh8HZg5RRxmcJjil+qTm+WVjSPrDUY6Wmp5m83NIYqvMcnA8WIgPhoYkJJZJPt7Tp8ffQ==", "micropost"=>{"content"=>"\bãƒ„ã‚¤ãƒ¼ãƒˆ", "user_id"=>"1"}, "commit"=>"Create Micropost"}
  [1m[35m (0.2ms)[0m  [1m[36mbegin transaction[0m
  [1m[35mSQL (0.6ms)[0m  [1m[32mINSERT INTO "microposts" ("content", "user_id", "created_at", "updated_at") VALUES (?, ?, ?, ?)[0m  [["content", "\bãƒ„ã‚¤ãƒ¼ãƒˆ"], ["user_id", 1], ["created_at", "2018-03-25 12:06:59.267092"], ["updated_at", "2018-03-25 12:06:59.267092"]]
  [1m[35m (0.9ms)[0m  [1m[36mcommit transaction[0m
Redirected to http://localhost:3000/microposts/1
Completed 302 Found in 11ms (ActiveRecord: 1.7ms)


Started GET "/microposts/1" for 127.0.0.1 at 2018-03-25 21:06:59 +0900
Processing by MicropostsController#show as HTML
  Parameters: {"id"=>"1"}
  [1m[36mMicropost Load (0.2ms)[0m  [1m[34mSELECT  "microposts".* FROM "microposts" WHERE "microposts"."id" = ? LIMIT ?[0m  [["id", 1], ["LIMIT", 1]]
  Rendering microposts/show.html.erb within layouts/application
  Rendered microposts/show.html.erb within layouts/application (1.0ms)
Completed 200 OK in 91ms (Views: 85.8ms | ActiveRecord: 0.2ms)


Started GET "/microposts" for 127.0.0.1 at 2018-03-25 21:07:10 +0900
Processing by MicropostsController#index as HTML
  Rendering microposts/index.html.erb within layouts/application
  [1m[36mMicropost Load (0.1ms)[0m  [1m[34mSELECT "microposts".* FROM "microposts"[0m
  Rendered microposts/index.html.erb within layouts/application (1.9ms)
Completed 200 OK in 27ms (Views: 21.0ms | ActiveRecord: 0.1ms)


Started GET "/microposts/new" for 127.0.0.1 at 2018-03-25 21:07:29 +0900
Processing by MicropostsController#new as HTML
  Rendering microposts/new.html.erb within layouts/application
  Rendered microposts/_form.html.erb (1.8ms)
  Rendered microposts/new.html.erb within layouts/application (4.1ms)
Completed 200 OK in 117ms (Views: 114.5ms | ActiveRecord: 0.0ms)


Started POST "/microposts" for 127.0.0.1 at 2018-03-25 21:07:30 +0900
Processing by MicropostsController#create as HTML
  Parameters: {"utf8"=>"âœ“", "authenticity_token"=>"Oj1b5WnwS70/cCn0PVPf7Hy6B9lSl0q6Pi5KaCmq0dy6A8wBVzeJdRAoVaAKqmoxFeFi+y7/Qsrw4CKIgqBDgg==", "micropost"=>{"content"=>"", "user_id"=>""}, "commit"=>"Create Micropost"}
  [1m[35m (0.1ms)[0m  [1m[36mbegin transaction[0m
  [1m[35mSQL (0.2ms)[0m  [1m[32mINSERT INTO "microposts" ("content", "created_at", "updated_at") VALUES (?, ?, ?)[0m  [["content", ""], ["created_at", "2018-03-25 12:07:30.906786"], ["updated_at", "2018-03-25 12:07:30.906786"]]
  [1m[35m (4.5ms)[0m  [1m[36mcommit transaction[0m
Redirected to http://localhost:3000/microposts/2
Completed 302 Found in 7ms (ActiveRecord: 4.8ms)


Started GET "/microposts/2" for 127.0.0.1 at 2018-03-25 21:07:31 +0900
Processing by MicropostsController#show as HTML
  Parameters: {"id"=>"2"}
  [1m[36mMicropost Load (0.1ms)[0m  [1m[34mSELECT  "microposts".* FROM "microposts" WHERE "microposts"."id" = ? LIMIT ?[0m  [["id", 2], ["LIMIT", 1]]
  Rendering microposts/show.html.erb within layouts/application
  Rendered microposts/show.html.erb within layouts/application (0.5ms)
Completed 200 OK in 17ms (Views: 14.5ms | ActiveRecord: 0.1ms)


Started GET "/microposts" for 127.0.0.1 at 2018-03-25 21:07:34 +0900
Processing by MicropostsController#index as HTML
  Rendering microposts/index.html.erb within layouts/application
  [1m[36mMicropost Load (0.1ms)[0m  [1m[34mSELECT "microposts".* FROM "microposts"[0m
  Rendered microposts/index.html.erb within layouts/application (1.4ms)
Completed 200 OK in 22ms (Views: 19.6ms | ActiveRecord: 0.1ms)


Started GET "/microposts/new" for 127.0.0.1 at 2018-03-25 21:07:41 +0900
Processing by MicropostsController#new as HTML
  Rendering microposts/new.html.erb within layouts/application
  Rendered microposts/_form.html.erb (1.4ms)
  Rendered microposts/new.html.erb within layouts/application (3.0ms)
Completed 200 OK in 22ms (Views: 20.3ms | ActiveRecord: 0.0ms)


Started POST "/microposts" for 127.0.0.1 at 2018-03-25 21:08:15 +0900
Processing by MicropostsController#create as HTML
  Parameters: {"utf8"=>"âœ“", "authenticity_token"=>"pd2UPPaURyYA/g5OfJ/Yxf9V7L42i8OXSlmFGTgOA/Al4wPYyFOF7i+mchpLZm0Ylg6JnErjy+eEl+35kwSRrg==", "micropost"=>{"content"=>"ï¼ï¼‘ï¼’ï¼“ï¼”ï¼•ï¼–ï¼—ï¼˜ï¼™ï¼ï¼‘ï¼’ï¼“ï¼”ï¼•ï¼–ï¼—ï¼˜ï¼™ï¼ï¼‘ï¼’ï¼“ï¼”ï¼•ï¼–ï¼—ï¼˜ï¼™ï¼ï¼‘ï¼’ï¼“ï¼”ï¼•ï¼–ï¼—ï¼˜ï¼™ï¼ï¼‘ï¼’ï¼“ï¼”ï¼•ï¼–ï¼—ï¼˜ï¼™ï¼ï¼‘ï¼’ï¼“ï¼”ï¼•ï¼–ï¼—ï¼˜ï¼™ï¼ï¼‘ï¼’ï¼“ï¼”ï¼•ï¼–ï¼—ï¼˜ï¼™ï¼ï¼‘ï¼’ï¼“ï¼”ï¼•ï¼–ï¼—ï¼˜ï¼™ï¼ï¼‘ï¼’ï¼“ï¼”ï¼•ï¼–ï¼—ï¼˜ï¼™ï¼ï¼‘ï¼’ï¼“ï¼”ï¼•ï¼–ï¼—ï¼˜ï¼™ï¼ï¼‘ï¼’ï¼“ï¼”ï¼•ï¼–ï¼—ï¼˜ï¼™ï¼ï¼‘ï¼’ï¼“ï¼”ï¼•ï¼–ï¼—ï¼˜ï¼™ï¼ï¼‘ï¼’ï¼“ï¼”ï¼•ï¼–ï¼—ï¼˜ï¼™ï¼ï¼‘ï¼’ï¼“ï¼”ï¼•ï¼–ï¼—ï¼˜ï¼™ï¼ï¼‘ï¼’ï¼“ï¼”ï¼•ï¼–ï¼—ï¼˜ï¼™ï¼ï¼‘ï¼’ï¼“ï¼”ï¼•ï¼–ï¼—ï¼˜ï¼™ï¼ï¼‘ï¼’ï¼“ï¼”ï¼•ï¼–ï¼—ï¼˜ï¼™ï¼ï¼‘ï¼’ï¼“ï¼”ï¼•ï¼–ï¼—ï¼˜ï¼™ï¼ï¼‘ï¼’ï¼“ï¼”ï¼•ï¼–ï¼—ï¼˜ï¼™ï¼ï¼‘ï¼’ï¼“ï¼”ï¼•ï¼–ï¼—ï¼˜ï¼™\r\n", "user_id"=>"7"}, "commit"=>"Create Micropost"}
  [1m[35m (0.0ms)[0m  [1m[36mbegin transaction[0m
  [1m[35mSQL (0.2ms)[0m  [1m[32mINSERT INTO "microposts" ("content", "user_id", "created_at", "updated_at") VALUES (?, ?, ?, ?)[0m  [["content", "ï¼ï¼‘ï¼’ï¼“ï¼”ï¼•ï¼–ï¼—ï¼˜ï¼™ï¼ï¼‘ï¼’ï¼“ï¼”ï¼•ï¼–ï¼—ï¼˜ï¼™ï¼ï¼‘ï¼’ï¼“ï¼”ï¼•ï¼–ï¼—ï¼˜ï¼™ï¼ï¼‘ï¼’ï¼“ï¼”ï¼•ï¼–ï¼—ï¼˜ï¼™ï¼ï¼‘ï¼’ï¼“ï¼”ï¼•ï¼–ï¼—ï¼˜ï¼™ï¼ï¼‘ï¼’ï¼“ï¼”ï¼•ï¼–ï¼—ï¼˜ï¼™ï¼ï¼‘ï¼’ï¼“ï¼”ï¼•ï¼–ï¼—ï¼˜ï¼™ï¼ï¼‘ï¼’ï¼“ï¼”ï¼•ï¼–ï¼—ï¼˜ï¼™ï¼ï¼‘ï¼’ï¼“ï¼”ï¼•ï¼–ï¼—ï¼˜ï¼™ï¼ï¼‘ï¼’ï¼“ï¼”ï¼•ï¼–ï¼—ï¼˜ï¼™ï¼ï¼‘ï¼’ï¼“ï¼”ï¼•ï¼–ï¼—ï¼˜ï¼™ï¼ï¼‘ï¼’ï¼“ï¼”ï¼•ï¼–ï¼—ï¼˜ï¼™ï¼ï¼‘ï¼’ï¼“ï¼”ï¼•ï¼–ï¼—ï¼˜ï¼™ï¼ï¼‘ï¼’ï¼“ï¼”ï¼•ï¼–ï¼—ï¼˜ï¼™ï¼ï¼‘ï¼’ï¼“ï¼”ï¼•ï¼–ï¼—ï¼˜ï¼™ï¼ï¼‘ï¼’ï¼“ï¼”ï¼•ï¼–ï¼—ï¼˜ï¼™ï¼ï¼‘ï¼’ï¼“ï¼”ï¼•ï¼–ï¼—ï¼˜ï¼™ï¼ï¼‘ï¼’ï¼“ï¼”ï¼•ï¼–ï¼—ï¼˜ï¼™ï¼ï¼‘ï¼’ï¼“ï¼”ï¼•ï¼–ï¼—ï¼˜ï¼™ï¼ï¼‘ï¼’ï¼“ï¼”ï¼•ï¼–ï¼—ï¼˜ï¼™\r\n"], ["user_id", 7], ["created_at", "2018-03-25 12:08:15.049059"], ["updated_at", "2018-03-25 12:08:15.049059"]]
  [1m[35m (4.6ms)[0m  [1m[36mcommit transaction[0m
Redirected to http://localhost:3000/microposts/3
Completed 302 Found in 6ms (ActiveRecord: 4.8ms)


Started GET "/microposts/3" for 127.0.0.1 at 2018-03-25 21:08:15 +0900
Processing by MicropostsController#show as HTML
  Parameters: {"id"=>"3"}
  [1m[36mMicropost Load (0.2ms)[0m  [1m[34mSELECT  "microposts".* FROM "microposts" WHERE "microposts"."id" = ? LIMIT ?[0m  [["id", 3], ["LIMIT", 1]]
  Rendering microposts/show.html.erb within layouts/application
  Rendered microposts/show.html.erb within layouts/application (0.5ms)
Completed 200 OK in 18ms (Views: 15.0ms | ActiveRecord: 0.2ms)


Started GET "/microposts/3/edit" for 127.0.0.1 at 2018-03-25 21:08:56 +0900
Processing by MicropostsController#edit as HTML
  Parameters: {"id"=>"3"}
  [1m[36mMicropost Load (0.1ms)[0m  [1m[34mSELECT  "microposts".* FROM "microposts" WHERE "microposts"."id" = ? LIMIT ?[0m  [["id", 3], ["LIMIT", 1]]
  Rendering microposts/edit.html.erb within layouts/application
  Rendered microposts/_form.html.erb (1.5ms)
  Rendered microposts/edit.html.erb within layouts/application (3.6ms)
Completed 200 OK in 41ms (Views: 38.4ms | ActiveRecord: 0.1ms)


Started PATCH "/microposts/3" for 127.0.0.1 at 2018-03-25 21:09:05 +0900
Processing by MicropostsController#update as HTML
  Parameters: {"utf8"=>"âœ“", "authenticity_token"=>"ZBAfpMSAVRdHHoMBy293UmTBcgoHTXiNAanbz0OwajKwmyOAaZm8nxX2bz9k3z4RMgI+U+t/OF6wrI9yTgpYwg==", "micropost"=>{"content"=>"ï¼ï¼‘ï¼’ï¼“ï¼”ï¼•ï¼–ï¼—ï¼˜ï¼™ï¼ï¼‘ï¼’ï¼“ï¼”ï¼•ï¼–ï¼—ï¼˜ï¼™ï¼ï¼‘ï¼’ï¼“ï¼”ï¼•ï¼–ï¼—ï¼˜ï¼™ï¼ï¼‘ï¼’ï¼“ï¼”ï¼•ï¼–ï¼—ï¼˜ï¼™ï¼ï¼‘ï¼’ï¼“ï¼”ï¼•ï¼–ï¼—ï¼˜ï¼™ï¼ï¼‘ï¼’ï¼“ï¼”ï¼•ï¼–ï¼—ï¼˜ï¼™ï¼ï¼‘ï¼’ï¼“ï¼”ï¼•ï¼–ï¼—ï¼˜ï¼™ï¼ï¼‘ï¼’ï¼“ï¼”ï¼•ï¼–ï¼—ï¼˜ï¼™ï¼ï¼‘ï¼’ï¼“ï¼”ï¼•ï¼–ï¼—ï¼˜ï¼™ï¼ï¼‘ï¼’ï¼“ï¼”ï¼•ï¼–ï¼—ï¼˜ï¼™ï¼ï¼‘ï¼’ï¼“ï¼”ï¼•ï¼–ï¼—ï¼˜ï¼™ï¼ï¼‘ï¼’ï¼“ï¼”ï¼•ï¼–ï¼—ï¼˜ï¼™ï¼ï¼‘ï¼’ï¼“ï¼”ï¼•ï¼–ï¼—ï¼˜ï¼™ï¼ï¼‘ï¼’ï¼“ï¼”ï¼•ï¼–ï¼—ï¼˜ï¼™ï¼ï¼‘ï¼’ï¼“ï¼”ï¼•ï¼–ï¼—ï¼˜ï¼™ï¼ï¼‘ï¼’ï¼“ï¼”ï¼•ï¼–ï¼—ï¼˜ï¼™ï¼ï¼‘ï¼’ï¼“ï¼”ï¼•ï¼–ï¼—ï¼˜ï¼™ï¼ï¼‘ï¼’ï¼“ï¼”ï¼•ï¼–ï¼—ï¼˜ï¼™ï¼ï¼‘ï¼’ï¼“ï¼”ï¼•ï¼–ï¼—ï¼˜ï¼™ï¼ï¼‘ï¼’ï¼“ï¼”ï¼•ï¼–ï¼—ï¼˜ï¼™ï¼ï¼‘ï¼’ï¼“ï¼”ï¼•ï¼–ï¼—ï¼˜ï¼™ï¼ï¼‘ï¼’ï¼“ï¼”ï¼•ï¼–ï¼—ï¼˜ï¼™ï¼ï¼‘ï¼’ï¼“ï¼”ï¼•ï¼–ï¼—ï¼˜ï¼™ï¼ï¼‘ï¼’ï¼“ï¼”ï¼•ï¼–ï¼—ï¼˜ï¼™ï¼ï¼‘ï¼’ï¼“ï¼”ï¼•ï¼–ï¼—ï¼˜ï¼™ï¼ï¼‘ï¼’ï¼“ï¼”ï¼•ï¼–ï¼—ï¼˜ï¼™ï¼ï¼‘ï¼’ï¼“ï¼”ï¼•ï¼–ï¼—ï¼˜ï¼™ï¼ï¼‘ï¼’ï¼“ï¼”ï¼•ï¼–ï¼—ï¼˜ï¼™ï¼ï¼‘ï¼’ï¼“ï¼”ï¼•ï¼–ï¼—ï¼˜ï¼™ï¼ï¼‘ï¼’ï¼“ï¼”ï¼•ï¼–ï¼—ï¼˜ï¼™ï¼ï¼‘ï¼’ï¼“ï¼”ï¼•ï¼–ï¼—ï¼˜ï¼™ï¼ï¼‘ï¼’ï¼“ï¼”ï¼•ï¼–ï¼—ï¼˜ï¼™ï¼ï¼‘ï¼’ï¼“ï¼”ï¼•ï¼–ï¼—ï¼˜ï¼™ï¼ï¼‘ï¼’ï¼“ï¼”ï¼•ï¼–ï¼—ï¼˜ï¼™ï¼ï¼‘ï¼’ï¼“ï¼”ï¼•ï¼–ï¼—ï¼˜ï¼™ï¼ï¼‘ï¼’ï¼“ï¼”ï¼•ï¼–ï¼—ï¼˜ï¼™ï¼ï¼‘ï¼’ï¼“ï¼”ï¼•ï¼–ï¼—ï¼˜ï¼™ï¼ï¼‘ï¼’ï¼“ï¼”ï¼•ï¼–ï¼—ï¼˜ï¼™ï¼ï¼‘ï¼’ï¼“ï¼”ï¼•ï¼–ï¼—ï¼˜ï¼™ï¼ï¼‘ï¼’ï¼“ï¼”ï¼•ï¼–ï¼—ï¼˜ï¼™\r\n\r\n", "user_id"=>"7"}, "commit"=>"Update Micropost", "id"=>"3"}
  [1m[36mMicropost Load (0.1ms)[0m  [1m[34mSELECT  "microposts".* FROM "microposts" WHERE "microposts"."id" = ? LIMIT ?[0m  [["id", 3], ["LIMIT", 1]]
  [1m[35m (0.0ms)[0m  [1m[36mbegin transaction[0m
  [1m[35mSQL (4.3ms)[0m  [1m[33mUPDATE "microposts" SET "content" = ?, "updated_at" = ? WHERE "microposts"."id" = ?[0m  [["content", "ï¼ï¼‘ï¼’ï¼“ï¼”ï¼•ï¼–ï¼—ï¼˜ï¼™ï¼ï¼‘ï¼’ï¼“ï¼”ï¼•ï¼–ï¼—ï¼˜ï¼™ï¼ï¼‘ï¼’ï¼“ï¼”ï¼•ï¼–ï¼—ï¼˜ï¼™ï¼ï¼‘ï¼’ï¼“ï¼”ï¼•ï¼–ï¼—ï¼˜ï¼™ï¼ï¼‘ï¼’ï¼“ï¼”ï¼•ï¼–ï¼—ï¼˜ï¼™ï¼ï¼‘ï¼’ï¼“ï¼”ï¼•ï¼–ï¼—ï¼˜ï¼™ï¼ï¼‘ï¼’ï¼“ï¼”ï¼•ï¼–ï¼—ï¼˜ï¼™ï¼ï¼‘ï¼’ï¼“ï¼”ï¼•ï¼–ï¼—ï¼˜ï¼™ï¼ï¼‘ï¼’ï¼“ï¼”ï¼•ï¼–ï¼—ï¼˜ï¼™ï¼ï¼‘ï¼’ï¼“ï¼”ï¼•ï¼–ï¼—ï¼˜ï¼™ï¼ï¼‘ï¼’ï¼“ï¼”ï¼•ï¼–ï¼—ï¼˜ï¼™ï¼ï¼‘ï¼’ï¼“ï¼”ï¼•ï¼–ï¼—ï¼˜ï¼™ï¼ï¼‘ï¼’ï¼“ï¼”ï¼•ï¼–ï¼—ï¼˜ï¼™ï¼ï¼‘ï¼’ï¼“ï¼”ï¼•ï¼–ï¼—ï¼˜ï¼™ï¼ï¼‘ï¼’ï¼“ï¼”ï¼•ï¼–ï¼—ï¼˜ï¼™ï¼ï¼‘ï¼’ï¼“ï¼”ï¼•ï¼–ï¼—ï¼˜ï¼™ï¼ï¼‘ï¼’ï¼“ï¼”ï¼•ï¼–ï¼—ï¼˜ï¼™ï¼ï¼‘ï¼’ï¼“ï¼”ï¼•ï¼–ï¼—ï¼˜ï¼™ï¼ï¼‘ï¼’ï¼“ï¼”ï¼•ï¼–ï¼—ï¼˜ï¼™ï¼ï¼‘ï¼’ï¼“ï¼”ï¼•ï¼–ï¼—ï¼˜ï¼™ï¼ï¼‘ï¼’ï¼“ï¼”ï¼•ï¼–ï¼—ï¼˜ï¼™ï¼ï¼‘ï¼’ï¼“ï¼”ï¼•ï¼–ï¼—ï¼˜ï¼™ï¼ï¼‘ï¼’ï¼“ï¼”ï¼•ï¼–ï¼—ï¼˜ï¼™ï¼ï¼‘ï¼’ï¼“ï¼”ï¼•ï¼–ï¼—ï¼˜ï¼™ï¼ï¼‘ï¼’ï¼“ï¼”ï¼•ï¼–ï¼—ï¼˜ï¼™ï¼ï¼‘ï¼’ï¼“ï¼”ï¼•ï¼–ï¼—ï¼˜ï¼™ï¼ï¼‘ï¼’ï¼“ï¼”ï¼•ï¼–ï¼—ï¼˜ï¼™ï¼ï¼‘ï¼’ï¼“ï¼”ï¼•ï¼–ï¼—ï¼˜ï¼™ï¼ï¼‘ï¼’ï¼“ï¼”ï¼•ï¼–ï¼—ï¼˜ï¼™ï¼ï¼‘ï¼’ï¼“ï¼”ï¼•ï¼–ï¼—ï¼˜ï¼™ï¼ï¼‘ï¼’ï¼“ï¼”ï¼•ï¼–ï¼—ï¼˜ï¼™ï¼ï¼‘ï¼’ï¼“ï¼”ï¼•ï¼–ï¼—ï¼˜ï¼™ï¼ï¼‘ï¼’ï¼“ï¼”ï¼•ï¼–ï¼—ï¼˜ï¼™ï¼ï¼‘ï¼’ï¼“ï¼”ï¼•ï¼–ï¼—ï¼˜ï¼™ï¼ï¼‘ï¼’ï¼“ï¼”ï¼•ï¼–ï¼—ï¼˜ï¼™ï¼ï¼‘ï¼’ï¼“ï¼”ï¼•ï¼–ï¼—ï¼˜ï¼™ï¼ï¼‘ï¼’ï¼“ï¼”ï¼•ï¼–ï¼—ï¼˜ï¼™ï¼ï¼‘ï¼’ï¼“ï¼”ï¼•ï¼–ï¼—ï¼˜ï¼™ï¼ï¼‘ï¼’ï¼“ï¼”ï¼•ï¼–ï¼—ï¼˜ï¼™ï¼ï¼‘ï¼’ï¼“ï¼”ï¼•ï¼–ï¼—ï¼˜ï¼™\r\n\r\n"], ["updated_at", "2018-03-25 12:09:05.476894"], ["id", 3]]
  [1m[35m (0.7ms)[0m  [1m[36mcommit transaction[0m
Redirected to http://localhost:3000/microposts/3
Completed 302 Found in 9ms (ActiveRecord: 5.1ms)


Started GET "/microposts/3" for 127.0.0.1 at 2018-03-25 21:09:05 +0900
Processing by MicropostsController#show as HTML
  Parameters: {"id"=>"3"}
  [1m[36mMicropost Load (0.1ms)[0m  [1m[34mSELECT  "microposts".* FROM "microposts" WHERE "microposts"."id" = ? LIMIT ?[0m  [["id", 3], ["LIMIT", 1]]
  Rendering microposts/show.html.erb within layouts/application
  Rendered microposts/show.html.erb within layouts/application (0.5ms)
Completed 200 OK in 22ms (Views: 18.4ms | ActiveRecord: 0.1ms)


Started GET "/microposts/3/edit" for 127.0.0.1 at 2018-03-25 21:09:12 +0900
Processing by MicropostsController#edit as HTML
  Parameters: {"id"=>"3"}
  [1m[36mMicropost Load (0.1ms)[0m  [1m[34mSELECT  "microposts".* FROM "microposts" WHERE "microposts"."id" = ? LIMIT ?[0m  [["id", 3], ["LIMIT", 1]]
  Rendering microposts/edit.html.erb within layouts/application
  Rendered microposts/_form.html.erb (2.1ms)
  Rendered microposts/edit.html.erb within layouts/application (7.9ms)
Completed 200 OK in 28ms (Views: 26.1ms | ActiveRecord: 0.1ms)


Started PATCH "/microposts/3" for 127.0.0.1 at 2018-03-25 21:09:25 +0900
Processing by MicropostsController#update as HTML
  Parameters: {"utf8"=>"âœ“", "authenticity_token"=>"kJOVna2hP2P6lbMthBeEAEVJtlrftvlLRMc1ZAC6NRFEGKm5ALjW66h9XxMrp81DE4r6AzOEuZj1wmHZDQAH4Q==", "micropost"=>{"content"=>"ï¼ï¼‘ï¼’ï¼“ï¼”ï¼•ï¼–ï¼—ï¼˜ï¼™ï¼ï¼‘ï¼’ï¼“ï¼”ï¼•ï¼–ï¼—ï¼˜ï¼™ï¼ï¼‘ï¼’ï¼“ï¼”ï¼•ï¼–ï¼—ï¼˜ï¼™ï¼ï¼‘ï¼’ï¼“ï¼”ï¼•ï¼–ï¼—ï¼˜ï¼™ï¼ï¼‘ï¼’ï¼“ï¼”ï¼•ï¼–ï¼—ï¼˜ï¼™ï¼ï¼‘ï¼’ï¼“ï¼”ï¼•ï¼–ï¼—ï¼˜ï¼™ï¼ï¼‘ï¼’ï¼“ï¼”ï¼•ï¼–ï¼—ï¼˜ï¼™ï¼ï¼‘ï¼’ï¼“ï¼”ï¼•ï¼–ï¼—ï¼˜ï¼™ï¼ï¼‘ï¼’ï¼“ï¼”ï¼•ï¼–ï¼—ï¼˜ï¼™ï¼ï¼‘ï¼’ï¼“ï¼”ï¼•ï¼–ï¼—ï¼˜ï¼™ï¼ï¼‘ï¼’ï¼“ï¼”ï¼•ï¼–ï¼—ï¼˜ï¼™ï¼ï¼‘ï¼’ï¼“ï¼”ï¼•ï¼–ï¼—ï¼˜ï¼™ï¼ï¼‘ï¼’ï¼“ï¼”ï¼•ï¼–ï¼—ï¼˜ï¼™ï¼ï¼‘ï¼’ï¼“ï¼”ï¼•ï¼–ï¼—ï¼˜ï¼™ï¼ï¼‘ï¼’ï¼“ï¼”ï¼•ï¼–ï¼—ï¼˜ï¼™ï¼ï¼‘ï¼’ï¼“ï¼”ï¼•ï¼–ï¼—ï¼˜ï¼™ï¼ï¼‘ï¼’ï¼“ï¼”ï¼•ï¼–ï¼—ï¼˜ï¼™ï¼ï¼‘ï¼’ï¼“ï¼”ï¼•ï¼–ï¼—ï¼˜ï¼™ï¼ï¼‘ï¼’ï¼“ï¼”ï¼•ï¼–ï¼—ï¼˜ï¼™ï¼ï¼‘ï¼’ï¼“ï¼”ï¼•ï¼–ï¼—ï¼˜ï¼™ï¼ï¼‘ï¼’ï¼“ï¼”ï¼•ï¼–ï¼—ï¼˜ï¼™ï¼ï¼‘ï¼’ï¼“ï¼”ï¼•ï¼–ï¼—ï¼˜ï¼™ï¼ï¼‘ï¼’ï¼“ï¼”ï¼•ï¼–ï¼—ï¼˜ï¼™ï¼ï¼‘ï¼’ï¼“ï¼”ï¼•ï¼–ï¼—ï¼˜ï¼™ï¼ï¼‘ï¼’ï¼“ï¼”ï¼•ï¼–ï¼—ï¼˜ï¼™ï¼ï¼‘ï¼’ï¼“ï¼”ï¼•ï¼–ï¼—ï¼˜ï¼™ï¼ï¼‘ï¼’ï¼“ï¼”ï¼•ï¼–ï¼—ï¼˜ï¼™ï¼ï¼‘ï¼’ï¼“ï¼”ï¼•ï¼–ï¼—ï¼˜ï¼™ï¼ï¼‘ï¼’ï¼“ï¼”ï¼•ï¼–ï¼—ï¼˜ï¼™ï¼ï¼‘ï¼’ï¼“ï¼”ï¼•ï¼–ï¼—ï¼˜ï¼™ï¼ï¼‘ï¼’ï¼“ï¼”ï¼•ï¼–ï¼—ï¼˜ï¼™ï¼ï¼‘ï¼’ï¼“ï¼”ï¼•ï¼–ï¼—ï¼˜ï¼™ï¼ï¼‘ï¼’ï¼“ï¼”ï¼•ï¼–ï¼—ï¼˜ï¼™ï¼ï¼‘ï¼’ï¼“ï¼”ï¼•ï¼–ï¼—ï¼˜ï¼™ï¼ï¼‘ï¼’ï¼“ï¼”ï¼•ï¼–ï¼—ï¼˜ï¼™ï¼ï¼‘ï¼’ï¼“ï¼”ï¼•ï¼–ï¼—ï¼˜ï¼™ï¼ï¼‘ï¼’ï¼“ï¼”ï¼•ï¼–ï¼—ï¼˜ï¼™ï¼ï¼‘ï¼’ï¼“ï¼”ï¼•ï¼–ï¼—ï¼˜ï¼™ï¼ï¼‘ï¼’ï¼“ï¼”ï¼•ï¼–ï¼—ï¼˜ï¼™ï¼ï¼‘ï¼’ï¼“ï¼”ï¼•ï¼–ï¼—ï¼˜ï¼™ï¼ï¼‘ï¼’ï¼“ï¼”ï¼•ï¼–ï¼—ï¼˜ï¼™ï¼ï¼‘ï¼’ï¼“ï¼”ï¼•ï¼–ï¼—ï¼˜ï¼™ï¼ï¼‘ï¼’ï¼“ï¼”ï¼•ï¼–ï¼—ï¼˜ï¼™ï¼ï¼‘ï¼’ï¼“ï¼”ï¼•ï¼–ï¼—ï¼˜ï¼™ï¼ï¼‘ï¼’ï¼“ï¼”ï¼•ï¼–ï¼—ï¼˜ï¼™ï¼ï¼‘ï¼’ï¼“ï¼”ï¼•ï¼–ï¼—ï¼˜ï¼™ï¼ï¼‘ï¼’ï¼“ï¼”ï¼•ï¼–ï¼—ï¼˜ï¼™ï¼ï¼‘ï¼’ï¼“ï¼”ï¼•ï¼–ï¼—ï¼˜ï¼™ï¼ï¼‘ï¼’ï¼“ï¼”ï¼•ï¼–ï¼—ï¼˜ï¼™ï¼ï¼‘ï¼’ï¼“ï¼”ï¼•ï¼–ï¼—ï¼˜ï¼™ï¼ï¼‘ï¼’ï¼“ï¼”ï¼•ï¼–ï¼—ï¼˜ï¼™ï¼ï¼‘ï¼’ï¼“ï¼”ï¼•ï¼–ï¼—ï¼˜ï¼™ï¼ï¼‘ï¼’ï¼“ï¼”ï¼•ï¼–ï¼—ï¼˜ï¼™ï¼ï¼‘ï¼’ï¼“ï¼”ï¼•ï¼–ï¼—ï¼˜ï¼™ï¼ï¼‘ï¼’ï¼“ï¼”ï¼•ï¼–ï¼—ï¼˜ï¼™ï¼ï¼‘ï¼’ï¼“ï¼”ï¼•ï¼–ï¼—ï¼˜ï¼™ï¼ï¼‘ï¼’ï¼“ï¼”ï¼•ï¼–ï¼—ï¼˜ï¼™ï¼ï¼‘ï¼’ï¼“ï¼”ï¼•ï¼–ï¼—ï¼˜ï¼™ï¼ï¼‘ï¼’ï¼“ï¼”ï¼•ï¼–ï¼—ï¼˜ï¼™ï¼ï¼‘ï¼’ï¼“ï¼”ï¼•ï¼–ï¼—ï¼˜ï¼™\r\n\r\n\r\n", "user_id"=>"7"}, "commit"=>"Update Micropost", "id"=>"3"}
  [1m[36mMicropost Load (0.1ms)[0m  [1m[34mSELECT  "microposts".* FROM "microposts" WHERE "microposts"."id" = ? LIMIT ?[0m  [["id", 3], ["LIMIT", 1]]
  [1m[35m (0.1ms)[0m  [1m[36mbegin transaction[0m
  [1m[35mSQL (0.5ms)[0m  [1m[33mUPDATE "microposts" SET "content" = ?, "updated_at" = ? WHERE "microposts"."id" = ?[0m  [["content", "ï¼ï¼‘ï¼’ï¼“ï¼”ï¼•ï¼–ï¼—ï¼˜ï¼™ï¼ï¼‘ï¼’ï¼“ï¼”ï¼•ï¼–ï¼—ï¼˜ï¼™ï¼ï¼‘ï¼’ï¼“ï¼”ï¼•ï¼–ï¼—ï¼˜ï¼™ï¼ï¼‘ï¼’ï¼“ï¼”ï¼•ï¼–ï¼—ï¼˜ï¼™ï¼ï¼‘ï¼’ï¼“ï¼”ï¼•ï¼–ï¼—ï¼˜ï¼™ï¼ï¼‘ï¼’ï¼“ï¼”ï¼•ï¼–ï¼—ï¼˜ï¼™ï¼ï¼‘ï¼’ï¼“ï¼”ï¼•ï¼–ï¼—ï¼˜ï¼™ï¼ï¼‘ï¼’ï¼“ï¼”ï¼•ï¼–ï¼—ï¼˜ï¼™ï¼ï¼‘ï¼’ï¼“ï¼”ï¼•ï¼–ï¼—ï¼˜ï¼™ï¼ï¼‘ï¼’ï¼“ï¼”ï¼•ï¼–ï¼—ï¼˜ï¼™ï¼ï¼‘ï¼’ï¼“ï¼”ï¼•ï¼–ï¼—ï¼˜ï¼™ï¼ï¼‘ï¼’ï¼“ï¼”ï¼•ï¼–ï¼—ï¼˜ï¼™ï¼ï¼‘ï¼’ï¼“ï¼”ï¼•ï¼–ï¼—ï¼˜ï¼™ï¼ï¼‘ï¼’ï¼“ï¼”ï¼•ï¼–ï¼—ï¼˜ï¼™ï¼ï¼‘ï¼’ï¼“ï¼”ï¼•ï¼–ï¼—ï¼˜ï¼™ï¼ï¼‘ï¼’ï¼“ï¼”ï¼•ï¼–ï¼—ï¼˜ï¼™ï¼ï¼‘ï¼’ï¼“ï¼”ï¼•ï¼–ï¼—ï¼˜ï¼™ï¼ï¼‘ï¼’ï¼“ï¼”ï¼•ï¼–ï¼—ï¼˜ï¼™ï¼ï¼‘ï¼’ï¼“ï¼”ï¼•ï¼–ï¼—ï¼˜ï¼™ï¼ï¼‘ï¼’ï¼“ï¼”ï¼•ï¼–ï¼—ï¼˜ï¼™ï¼ï¼‘ï¼’ï¼“ï¼”ï¼•ï¼–ï¼—ï¼˜ï¼™ï¼ï¼‘ï¼’ï¼“ï¼”ï¼•ï¼–ï¼—ï¼˜ï¼™ï¼ï¼‘ï¼’ï¼“ï¼”ï¼•ï¼–ï¼—ï¼˜ï¼™ï¼ï¼‘ï¼’ï¼“ï¼”ï¼•ï¼–ï¼—ï¼˜ï¼™ï¼ï¼‘ï¼’ï¼“ï¼”ï¼•ï¼–ï¼—ï¼˜ï¼™ï¼ï¼‘ï¼’ï¼“ï¼”ï¼•ï¼–ï¼—ï¼˜ï¼™ï¼ï¼‘ï¼’ï¼“ï¼”ï¼•ï¼–ï¼—ï¼˜ï¼™ï¼ï¼‘ï¼’ï¼“ï¼”ï¼•ï¼–ï¼—ï¼˜ï¼™ï¼ï¼‘ï¼’ï¼“ï¼”ï¼•ï¼–ï¼—ï¼˜ï¼™ï¼ï¼‘ï¼’ï¼“ï¼”ï¼•ï¼–ï¼—ï¼˜ï¼™ï¼ï¼‘ï¼’ï¼“ï¼”ï¼•ï¼–ï¼—ï¼˜ï¼™ï¼ï¼‘ï¼’ï¼“ï¼”ï¼•ï¼–ï¼—ï¼˜ï¼™ï¼ï¼‘ï¼’ï¼“ï¼”ï¼•ï¼–ï¼—ï¼˜ï¼™ï¼ï¼‘ï¼’ï¼“ï¼”ï¼•ï¼–ï¼—ï¼˜ï¼™ï¼ï¼‘ï¼’ï¼“ï¼”ï¼•ï¼–ï¼—ï¼˜ï¼™ï¼ï¼‘ï¼’ï¼“ï¼”ï¼•ï¼–ï¼—ï¼˜ï¼™ï¼ï¼‘ï¼’ï¼“ï¼”ï¼•ï¼–ï¼—ï¼˜ï¼™ï¼ï¼‘ï¼’ï¼“ï¼”ï¼•ï¼–ï¼—ï¼˜ï¼™ï¼ï¼‘ï¼’ï¼“ï¼”ï¼•ï¼–ï¼—ï¼˜ï¼™ï¼ï¼‘ï¼’ï¼“ï¼”ï¼•ï¼–ï¼—ï¼˜ï¼™ï¼ï¼‘ï¼’ï¼“ï¼”ï¼•ï¼–ï¼—ï¼˜ï¼™ï¼ï¼‘ï¼’ï¼“ï¼”ï¼•ï¼–ï¼—ï¼˜ï¼™ï¼ï¼‘ï¼’ï¼“ï¼”ï¼•ï¼–ï¼—ï¼˜ï¼™ï¼ï¼‘ï¼’ï¼“ï¼”ï¼•ï¼–ï¼—ï¼˜ï¼™ï¼ï¼‘ï¼’ï¼“ï¼”ï¼•ï¼–ï¼—ï¼˜ï¼™ï¼ï¼‘ï¼’ï¼“ï¼”ï¼•ï¼–ï¼—ï¼˜ï¼™ï¼ï¼‘ï¼’ï¼“ï¼”ï¼•ï¼–ï¼—ï¼˜ï¼™ï¼ï¼‘ï¼’ï¼“ï¼”ï¼•ï¼–ï¼—ï¼˜ï¼™ï¼ï¼‘ï¼’ï¼“ï¼”ï¼•ï¼–ï¼—ï¼˜ï¼™ï¼ï¼‘ï¼’ï¼“ï¼”ï¼•ï¼–ï¼—ï¼˜ï¼™ï¼ï¼‘ï¼’ï¼“ï¼”ï¼•ï¼–ï¼—ï¼˜ï¼™ï¼ï¼‘ï¼’ï¼“ï¼”ï¼•ï¼–ï¼—ï¼˜ï¼™ï¼ï¼‘ï¼’ï¼“ï¼”ï¼•ï¼–ï¼—ï¼˜ï¼™ï¼ï¼‘ï¼’ï¼“ï¼”ï¼•ï¼–ï¼—ï¼˜ï¼™ï¼ï¼‘ï¼’ï¼“ï¼”ï¼•ï¼–ï¼—ï¼˜ï¼™ï¼ï¼‘ï¼’ï¼“ï¼”ï¼•ï¼–ï¼—ï¼˜ï¼™ï¼ï¼‘ï¼’ï¼“ï¼”ï¼•ï¼–ï¼—ï¼˜ï¼™ï¼ï¼‘ï¼’ï¼“ï¼”ï¼•ï¼–ï¼—ï¼˜ï¼™ï¼ï¼‘ï¼’ï¼“ï¼”ï¼•ï¼–ï¼—ï¼˜ï¼™ï¼ï¼‘ï¼’ï¼“ï¼”ï¼•ï¼–ï¼—ï¼˜ï¼™\r\n\r\n\r\n"], ["updated_at", "2018-03-25 12:09:25.313926"], ["id", 3]]
  [1m[35m (0.6ms)[0m  [1m[36mcommit transaction[0m
Redirected to http://localhost:3000/microposts/3
Completed 302 Found in 4ms (ActiveRecord: 1.2ms)


Started GET "/microposts/3" for 127.0.0.1 at 2018-03-25 21:09:25 +0900
Processing by MicropostsController#show as HTML
  Parameters: {"id"=>"3"}
  [1m[36mMicropost Load (0.1ms)[0m  [1m[34mSELECT  "microposts".* FROM "microposts" WHERE "microposts"."id" = ? LIMIT ?[0m  [["id", 3], ["LIMIT", 1]]
  Rendering microposts/show.html.erb within layouts/application
  Rendered microposts/show.html.erb within layouts/application (1.2ms)
Completed 200 OK in 66ms (Views: 63.3ms | ActiveRecord: 0.1ms)


Started GET "/microposts/3/edit" for 127.0.0.1 at 2018-03-25 21:10:48 +0900
Processing by MicropostsController#edit as HTML
  Parameters: {"id"=>"3"}
  [1m[36mMicropost Load (0.1ms)[0m  [1m[34mSELECT  "microposts".* FROM "microposts" WHERE "microposts"."id" = ? LIMIT ?[0m  [["id", 3], ["LIMIT", 1]]
  Rendering microposts/edit.html.erb within layouts/application
  Rendered microposts/_form.html.erb (2.1ms)
  Rendered microposts/edit.html.erb within layouts/application (4.0ms)
Completed 200 OK in 27ms (Views: 17.8ms | ActiveRecord: 0.8ms)


Started PATCH "/microposts/3" for 127.0.0.1 at 2018-03-25 21:10:50 +0900
Processing by MicropostsController#update as HTML
  Parameters: {"utf8"=>"âœ“", "authenticity_token"=>"6ZztkeizsrRqsOuPd5T2XMJTYnEagpBD+6EynzJql9c9F9G1RapbPDhYB7HYJL8flJAuKPaw0JBKpGYiP9ClJw==", "micropost"=>{"content"=>"ï¼ï¼‘ï¼’ï¼“ï¼”ï¼•ï¼–ï¼—ï¼˜ï¼™ï¼ï¼‘ï¼’ï¼“ï¼”ï¼•ï¼–ï¼—ï¼˜ï¼™ï¼ï¼‘ï¼’ï¼“ï¼”ï¼•ï¼–ï¼—ï¼˜ï¼™ï¼ï¼‘ï¼’ï¼“ï¼”ï¼•ï¼–ï¼—ï¼˜ï¼™ï¼ï¼‘ï¼’ï¼“ï¼”ï¼•ï¼–ï¼—ï¼˜ï¼™ï¼ï¼‘ï¼’ï¼“ï¼”ï¼•ï¼–ï¼—ï¼˜ï¼™ï¼ï¼‘ï¼’ï¼“ï¼”ï¼•ï¼–ï¼—ï¼˜ï¼™ï¼ï¼‘ï¼’ï¼“ï¼”ï¼•ï¼–ï¼—ï¼˜ï¼™ï¼ï¼‘ï¼’ï¼“ï¼”ï¼•ï¼–ï¼—ï¼˜ï¼™ï¼ï¼‘ï¼’ï¼“ï¼”ï¼•ï¼–ï¼—ï¼˜ï¼™ï¼ï¼‘ï¼’ï¼“ï¼”ï¼•ï¼–ï¼—ï¼˜ï¼™ï¼ï¼‘ï¼’ï¼“ï¼”ï¼•ï¼–ï¼—ï¼˜ï¼™ï¼ï¼‘ï¼’ï¼“ï¼”ï¼•ï¼–ï¼—ï¼˜ï¼™ï¼ï¼‘ï¼’ï¼“ï¼”ï¼•ï¼–ï¼—ï¼˜ï¼™ï¼ï¼‘ï¼’ï¼“ï¼”ï¼•ï¼–ï¼—ï¼˜ï¼™ï¼ï¼‘ï¼’ï¼“ï¼”ï¼•ï¼–ï¼—ï¼˜ï¼™ï¼ï¼‘ï¼’ï¼“ï¼”ï¼•ï¼–ï¼—ï¼˜ï¼™ï¼ï¼‘ï¼’ï¼“ï¼”ï¼•ï¼–ï¼—ï¼˜ï¼™ï¼ï¼‘ï¼’ï¼“ï¼”ï¼•ï¼–ï¼—ï¼˜ï¼™ï¼ï¼‘ï¼’ï¼“ï¼”ï¼•ï¼–ï¼—ï¼˜ï¼™ï¼ï¼‘ï¼’ï¼“ï¼”ï¼•ï¼–ï¼—ï¼˜ï¼™ï¼ï¼‘ï¼’ï¼“ï¼”ï¼•ï¼–ï¼—ï¼˜ï¼™ï¼ï¼‘ï¼’ï¼“ï¼”ï¼•ï¼–ï¼—ï¼˜ï¼™ï¼ï¼‘ï¼’ï¼“ï¼”ï¼•ï¼–ï¼—ï¼˜ï¼™ï¼ï¼‘ï¼’ï¼“ï¼”ï¼•ï¼–ï¼—ï¼˜ï¼™ï¼ï¼‘ï¼’ï¼“ï¼”ï¼•ï¼–ï¼—ï¼˜ï¼™ï¼ï¼‘ï¼’ï¼“ï¼”ï¼•ï¼–ï¼—ï¼˜ï¼™ï¼ï¼‘ï¼’ï¼“ï¼”ï¼•ï¼–ï¼—ï¼˜ï¼™ï¼ï¼‘ï¼’ï¼“ï¼”ï¼•ï¼–ï¼—ï¼˜ï¼™ï¼ï¼‘ï¼’ï¼“ï¼”ï¼•ï¼–ï¼—ï¼˜ï¼™ï¼ï¼‘ï¼’ï¼“ï¼”ï¼•ï¼–ï¼—ï¼˜ï¼™ï¼ï¼‘ï¼’ï¼“ï¼”ï¼•ï¼–ï¼—ï¼˜ï¼™ï¼ï¼‘ï¼’ï¼“ï¼”ï¼•ï¼–ï¼—ï¼˜ï¼™ï¼ï¼‘ï¼’ï¼“ï¼”ï¼•ï¼–ï¼—ï¼˜ï¼™ï¼ï¼‘ï¼’ï¼“ï¼”ï¼•ï¼–ï¼—ï¼˜ï¼™ï¼ï¼‘ï¼’ï¼“ï¼”ï¼•ï¼–ï¼—ï¼˜ï¼™ï¼ï¼‘ï¼’ï¼“ï¼”ï¼•ï¼–ï¼—ï¼˜ï¼™ï¼ï¼‘ï¼’ï¼“ï¼”ï¼•ï¼–ï¼—ï¼˜ï¼™ï¼ï¼‘ï¼’ï¼“ï¼”ï¼•ï¼–ï¼—ï¼˜ï¼™ï¼ï¼‘ï¼’ï¼“ï¼”ï¼•ï¼–ï¼—ï¼˜ï¼™ï¼ï¼‘ï¼’ï¼“ï¼”ï¼•ï¼–ï¼—ï¼˜ï¼™ï¼ï¼‘ï¼’ï¼“ï¼”ï¼•ï¼–ï¼—ï¼˜ï¼™ï¼ï¼‘ï¼’ï¼“ï¼”ï¼•ï¼–ï¼—ï¼˜ï¼™ï¼ï¼‘ï¼’ï¼“ï¼”ï¼•ï¼–ï¼—ï¼˜ï¼™ï¼ï¼‘ï¼’ï¼“ï¼”ï¼•ï¼–ï¼—ï¼˜ï¼™ï¼ï¼‘ï¼’ï¼“ï¼”ï¼•ï¼–ï¼—ï¼˜ï¼™ï¼ï¼‘ï¼’ï¼“ï¼”ï¼•ï¼–ï¼—ï¼˜ï¼™ï¼ï¼‘ï¼’ï¼“ï¼”ï¼•ï¼–ï¼—ï¼˜ï¼™ï¼ï¼‘ï¼’ï¼“ï¼”ï¼•ï¼–ï¼—ï¼˜ï¼™ï¼ï¼‘ï¼’ï¼“ï¼”ï¼•ï¼–ï¼—ï¼˜ï¼™ï¼ï¼‘ï¼’ï¼“ï¼”ï¼•ï¼–ï¼—ï¼˜ï¼™ï¼ï¼‘ï¼’ï¼“ï¼”ï¼•ï¼–ï¼—ï¼˜ï¼™ï¼ï¼‘ï¼’ï¼“ï¼”ï¼•ï¼–ï¼—ï¼˜ï¼™ï¼ï¼‘ï¼’ï¼“ï¼”ï¼•ï¼–ï¼—ï¼˜ï¼™ï¼ï¼‘ï¼’ï¼“ï¼”ï¼•ï¼–ï¼—ï¼˜ï¼™ï¼ï¼‘ï¼’ï¼“ï¼”ï¼•ï¼–ï¼—ï¼˜ï¼™ï¼ï¼‘ï¼’ï¼“ï¼”ï¼•ï¼–ï¼—ï¼˜ï¼™ï¼ï¼‘ï¼’ï¼“ï¼”ï¼•ï¼–ï¼—ï¼˜ï¼™ï¼ï¼‘ï¼’ï¼“ï¼”ï¼•ï¼–ï¼—ï¼˜ï¼™ï¼ï¼‘ï¼’ï¼“ï¼”ï¼•ï¼–ï¼—ï¼˜ï¼™\r\n\r\n\r\n", "user_id"=>"7"}, "commit"=>"Update Micropost", "id"=>"3"}
  [1m[36mMicropost Load (0.1ms)[0m  [1m[34mSELECT  "microposts".* FROM "microposts" WHERE "microposts"."id" = ? LIMIT ?[0m  [["id", 3], ["LIMIT", 1]]
  [1m[35m (0.0ms)[0m  [1m[36mbegin transaction[0m
  [1m[35m (0.0ms)[0m  [1m[31mrollback transaction[0m
  Rendering microposts/edit.html.erb within layouts/application
  Rendered microposts/_form.html.erb (2.0ms)
  Rendered microposts/edit.html.erb within layouts/application (4.0ms)
Completed 200 OK in 23ms (Views: 20.0ms | ActiveRecord: 0.2ms)


Started PATCH "/microposts/3" for 127.0.0.1 at 2018-03-25 21:11:20 +0900
Processing by MicropostsController#update as HTML
  Parameters: {"utf8"=>"âœ“", "authenticity_token"=>"4WUFI6gmdeWrGDF81tE1fe/5JL3tTvNSxGM/8zZvaTentLPL1+gCm+AU53tyeYWNY/1QhMQkPcXZSzp8aqRPQA==", "micropost"=>{"content"=>"1", "user_id"=>"7"}, "commit"=>"Update Micropost", "id"=>"3"}
Completed 500 Internal Server Error in 1ms


  
SyntaxError (/Users/h-inazumi/develope/ruby-apps/toy_app/app/models/micropost.rb:2: Invalid char `\x08' in expression):
  
app/models/micropost.rb:2: Invalid char `\x08' in expression
app/controllers/microposts_controller.rb:67:in `set_micropost'
Started GET "/microposts/3" for 127.0.0.1 at 2018-03-25 21:12:19 +0900
Processing by MicropostsController#show as HTML
  Parameters: {"id"=>"3"}
Completed 500 Internal Server Error in 1ms


  
SyntaxError (/Users/h-inazumi/develope/ruby-apps/toy_app/app/models/micropost.rb:2: Invalid char `\x08' in expression
/Users/h-inazumi/develope/ruby-apps/toy_app/app/models/micropost.rb:2: syntax error, unexpected tIDENTIFIER, expecting '}'
...t, length:{maximum:140 minimum:10}
...                        ^~~~~~~):
  
app/models/micropost.rb:2: Invalid char `\x08' in expression
app/models/micropost.rb:2: syntax error, unexpected tIDENTIFIER, expecting '}'
app/controllers/microposts_controller.rb:67:in `set_micropost'
Started GET "/microposts/3/edit" for 127.0.0.1 at 2018-03-25 21:12:21 +0900
Processing by MicropostsController#edit as HTML
  Parameters: {"id"=>"3"}
Completed 500 Internal Server Error in 1ms


  
SyntaxError (/Users/h-inazumi/develope/ruby-apps/toy_app/app/models/micropost.rb:2: Invalid char `\x08' in expression
/Users/h-inazumi/develope/ruby-apps/toy_app/app/models/micropost.rb:2: syntax error, unexpected tIDENTIFIER, expecting '}'
...t, length:{maximum:140 minimum:10}
...                        ^~~~~~~):
  
app/models/micropost.rb:2: Invalid char `\x08' in expression
app/models/micropost.rb:2: syntax error, unexpected tIDENTIFIER, expecting '}'
app/controllers/microposts_controller.rb:67:in `set_micropost'
Started GET "/microposts/3" for 127.0.0.1 at 2018-03-25 21:12:24 +0900
Processing by MicropostsController#show as HTML
  Parameters: {"id"=>"3"}
Completed 500 Internal Server Error in 1ms


  
SyntaxError (/Users/h-inazumi/develope/ruby-apps/toy_app/app/models/micropost.rb:2: Invalid char `\x08' in expression
/Users/h-inazumi/develope/ruby-apps/toy_app/app/models/micropost.rb:2: syntax error, unexpected tIDENTIFIER, expecting '}'
...t, length:{maximum:140 minimum:10}
...                        ^~~~~~~):
  
app/models/micropost.rb:2: Invalid char `\x08' in expression
app/models/micropost.rb:2: syntax error, unexpected tIDENTIFIER, expecting '}'
app/controllers/microposts_controller.rb:67:in `set_micropost'
Started GET "/microposts/3/edit" for 127.0.0.1 at 2018-03-25 21:12:25 +0900
Processing by MicropostsController#edit as HTML
  Parameters: {"id"=>"3"}
Completed 500 Internal Server Error in 1ms


  
SyntaxError (/Users/h-inazumi/develope/ruby-apps/toy_app/app/models/micropost.rb:2: Invalid char `\x08' in expression
/Users/h-inazumi/develope/ruby-apps/toy_app/app/models/micropost.rb:2: syntax error, unexpected tIDENTIFIER, expecting '}'
...t, length:{maximum:140 minimum:10}
...                        ^~~~~~~):
  
app/models/micropost.rb:2: Invalid char `\x08' in expression
app/models/micropost.rb:2: syntax error, unexpected tIDENTIFIER, expecting '}'
app/controllers/microposts_controller.rb:67:in `set_micropost'
Started GET "/microposts/3" for 127.0.0.1 at 2018-03-25 21:12:40 +0900
Processing by MicropostsController#show as HTML
  Parameters: {"id"=>"3"}
  [1m[36mMicropost Load (0.3ms)[0m  [1m[34mSELECT  "microposts".* FROM "microposts" WHERE "microposts"."id" = ? LIMIT ?[0m  [["id", 3], ["LIMIT", 1]]
  Rendering microposts/show.html.erb within layouts/application
  Rendered microposts/show.html.erb within layouts/application (0.6ms)
Completed 200 OK in 52ms (Views: 43.6ms | ActiveRecord: 0.9ms)


Started GET "/microposts/3/edit" for 127.0.0.1 at 2018-03-25 21:12:42 +0900
Processing by MicropostsController#edit as HTML
  Parameters: {"id"=>"3"}
  [1m[36mMicropost Load (0.1ms)[0m  [1m[34mSELECT  "microposts".* FROM "microposts" WHERE "microposts"."id" = ? LIMIT ?[0m  [["id", 3], ["LIMIT", 1]]
  Rendering microposts/edit.html.erb within layouts/application
  Rendered microposts/_form.html.erb (1.9ms)
  Rendered microposts/edit.html.erb within layouts/application (4.5ms)
Completed 200 OK in 26ms (Views: 19.4ms | ActiveRecord: 0.1ms)


Started PATCH "/microposts/3" for 127.0.0.1 at 2018-03-25 21:12:50 +0900
Processing by MicropostsController#update as HTML
  Parameters: {"utf8"=>"âœ“", "authenticity_token"=>"U+mQ0gZodhdcMSLLcuVd1QmhhZ9yK9SYbQvlsyW+d3CHYqz2q3Gfnw7ZzvXdVRSWX2LJxp4ZlEvcDrEOKARFgA==", "micropost"=>{"content"=>"1", "user_id"=>"7"}, "commit"=>"Update Micropost", "id"=>"3"}
  [1m[36mMicropost Load (0.1ms)[0m  [1m[34mSELECT  "microposts".* FROM "microposts" WHERE "microposts"."id" = ? LIMIT ?[0m  [["id", 3], ["LIMIT", 1]]
  [1m[35m (0.1ms)[0m  [1m[36mbegin transaction[0m
  [1m[35m (0.0ms)[0m  [1m[31mrollback transaction[0m
  Rendering microposts/edit.html.erb within layouts/application
  Rendered microposts/_form.html.erb (1.8ms)
  Rendered microposts/edit.html.erb within layouts/application (3.6ms)
Completed 200 OK in 29ms (Views: 26.1ms | ActiveRecord: 0.2ms)


Started GET "/microposts" for 127.0.0.1 at 2018-03-25 21:14:06 +0900
Processing by MicropostsController#index as HTML
  Rendering microposts/index.html.erb within layouts/application
  [1m[36mMicropost Load (0.4ms)[0m  [1m[34mSELECT "microposts".* FROM "microposts"[0m
  Rendered microposts/index.html.erb within layouts/application (12.2ms)
Completed 200 OK in 118ms (Views: 81.1ms | ActiveRecord: 1.3ms)


Started GET "/" for 127.0.0.1 at 2018-03-25 21:14:55 +0900
Processing by UsersController#index as HTML
  Rendering users/index.html.erb within layouts/application
  [1m[36mUser Load (0.6ms)[0m  [1m[34mSELECT "users".* FROM "users"[0m
  Rendered users/index.html.erb within layouts/application (7.3ms)
Completed 200 OK in 116ms (Views: 77.3ms | ActiveRecord: 0.9ms)


Started GET "/users/1" for 127.0.0.1 at 2018-03-25 21:15:00 +0900
Processing by UsersController#show as HTML
  Parameters: {"id"=>"1"}
  [1m[36mUser Load (0.2ms)[0m  [1m[34mSELECT  "users".* FROM "users" WHERE "users"."id" = ? LIMIT ?[0m  [["id", 1], ["LIMIT", 1]]
  Rendering users/show.html.erb within layouts/application
  Rendered users/show.html.erb within layouts/application (0.8ms)
Completed 200 OK in 27ms (Views: 19.8ms | ActiveRecord: 0.2ms)


Started GET "/users" for 127.0.0.1 at 2018-03-25 21:15:02 +0900
Processing by UsersController#index as HTML
  Rendering users/index.html.erb within layouts/application
  [1m[36mUser Load (0.2ms)[0m  [1m[34mSELECT "users".* FROM "users"[0m
  Rendered users/index.html.erb within layouts/application (3.0ms)
Completed 200 OK in 31ms (Views: 29.0ms | ActiveRecord: 0.2ms)


  [1m[36mUser Load (1.3ms)[0m  [1m[34mSELECT  "users".* FROM "users" ORDER BY "users"."id" ASC LIMIT ?[0m  [["LIMIT", 1]]
  [1m[36mUser Load (0.1ms)[0m  [1m[34mSELECT  "users".* FROM "users" ORDER BY "users"."id" ASC LIMIT ? OFFSET ?[0m  [["LIMIT", 1], ["OFFSET", 1]]
  [1m[36mUser Load (0.1ms)[0m  [1m[34mSELECT  "users".* FROM "users" ORDER BY "users"."id" DESC LIMIT ?[0m  [["LIMIT", 1]]
